  pch.cpp
  Area_rectangle.cpp
C:\Users\TATHYA\source\repos\CSCN71020_Group6\Area_rectangle\Area_rectangle.cpp(18,18): warning C4838: conversion from 'double' to 'int' requires a narrowing conversion
  (compiling source file '/Area_rectangle.cpp')
  
C:\Users\TATHYA\source\repos\CSCN71020_Group6\Area_rectangle\Area_rectangle.cpp(18,18): warning C4244: 'initializing': conversion from 'double' to 'int', possible loss of data
  (compiling source file '/Area_rectangle.cpp')
  
C:\Users\TATHYA\source\repos\CSCN71020_Group6\Area_rectangle\Area_rectangle.cpp(18,23): warning C4838: conversion from 'double' to 'int' requires a narrowing conversion
  (compiling source file '/Area_rectangle.cpp')
  
C:\Users\TATHYA\source\repos\CSCN71020_Group6\Area_rectangle\Area_rectangle.cpp(18,23): warning C4244: 'initializing': conversion from 'double' to 'int', possible loss of data
  (compiling source file '/Area_rectangle.cpp')
  
C:\Users\TATHYA\source\repos\CSCN71020_Group6\Area_rectangle\Area_rectangle.cpp(19,18): warning C4838: conversion from 'double' to 'int' requires a narrowing conversion
  (compiling source file '/Area_rectangle.cpp')
  
C:\Users\TATHYA\source\repos\CSCN71020_Group6\Area_rectangle\Area_rectangle.cpp(19,18): warning C4244: 'initializing': conversion from 'double' to 'int', possible loss of data
  (compiling source file '/Area_rectangle.cpp')
  
C:\Users\TATHYA\source\repos\CSCN71020_Group6\Area_rectangle\Area_rectangle.cpp(19,23): warning C4838: conversion from 'double' to 'int' requires a narrowing conversion
  (compiling source file '/Area_rectangle.cpp')
  
C:\Users\TATHYA\source\repos\CSCN71020_Group6\Area_rectangle\Area_rectangle.cpp(19,23): warning C4244: 'initializing': conversion from 'double' to 'int', possible loss of data
  (compiling source file '/Area_rectangle.cpp')
  
C:\Users\TATHYA\source\repos\CSCN71020_Group6\Area_rectangle\Area_rectangle.cpp(20,18): warning C4838: conversion from 'double' to 'int' requires a narrowing conversion
  (compiling source file '/Area_rectangle.cpp')
  
C:\Users\TATHYA\source\repos\CSCN71020_Group6\Area_rectangle\Area_rectangle.cpp(20,18): warning C4244: 'initializing': conversion from 'double' to 'int', possible loss of data
  (compiling source file '/Area_rectangle.cpp')
  
C:\Users\TATHYA\source\repos\CSCN71020_Group6\Area_rectangle\Area_rectangle.cpp(20,23): warning C4838: conversion from 'double' to 'int' requires a narrowing conversion
  (compiling source file '/Area_rectangle.cpp')
  
C:\Users\TATHYA\source\repos\CSCN71020_Group6\Area_rectangle\Area_rectangle.cpp(20,23): warning C4244: 'initializing': conversion from 'double' to 'int', possible loss of data
  (compiling source file '/Area_rectangle.cpp')
  
C:\Users\TATHYA\source\repos\CSCN71020_Group6\Area_rectangle\Area_rectangle.cpp(21,18): warning C4838: conversion from 'double' to 'int' requires a narrowing conversion
  (compiling source file '/Area_rectangle.cpp')
  
C:\Users\TATHYA\source\repos\CSCN71020_Group6\Area_rectangle\Area_rectangle.cpp(21,18): warning C4244: 'initializing': conversion from 'double' to 'int', possible loss of data
  (compiling source file '/Area_rectangle.cpp')
  
C:\Users\TATHYA\source\repos\CSCN71020_Group6\Area_rectangle\Area_rectangle.cpp(21,23): warning C4838: conversion from 'double' to 'int' requires a narrowing conversion
  (compiling source file '/Area_rectangle.cpp')
  
C:\Users\TATHYA\source\repos\CSCN71020_Group6\Area_rectangle\Area_rectangle.cpp(21,23): warning C4244: 'initializing': conversion from 'double' to 'int', possible loss of data
  (compiling source file '/Area_rectangle.cpp')
  
C:\Users\TATHYA\source\repos\CSCN71020_Group6\Area_rectangle\Area_rectangle.cpp(38,18): warning C4838: conversion from 'double' to 'int' requires a narrowing conversion
  (compiling source file '/Area_rectangle.cpp')
  
C:\Users\TATHYA\source\repos\CSCN71020_Group6\Area_rectangle\Area_rectangle.cpp(38,18): warning C4244: 'initializing': conversion from 'double' to 'int', possible loss of data
  (compiling source file '/Area_rectangle.cpp')
  
C:\Users\TATHYA\source\repos\CSCN71020_Group6\Area_rectangle\Area_rectangle.cpp(38,23): warning C4838: conversion from 'double' to 'int' requires a narrowing conversion
  (compiling source file '/Area_rectangle.cpp')
  
C:\Users\TATHYA\source\repos\CSCN71020_Group6\Area_rectangle\Area_rectangle.cpp(38,23): warning C4244: 'initializing': conversion from 'double' to 'int', possible loss of data
  (compiling source file '/Area_rectangle.cpp')
  
C:\Users\TATHYA\source\repos\CSCN71020_Group6\Area_rectangle\Area_rectangle.cpp(39,18): warning C4838: conversion from 'double' to 'int' requires a narrowing conversion
  (compiling source file '/Area_rectangle.cpp')
  
C:\Users\TATHYA\source\repos\CSCN71020_Group6\Area_rectangle\Area_rectangle.cpp(39,18): warning C4244: 'initializing': conversion from 'double' to 'int', possible loss of data
  (compiling source file '/Area_rectangle.cpp')
  
C:\Users\TATHYA\source\repos\CSCN71020_Group6\Area_rectangle\Area_rectangle.cpp(39,23): warning C4838: conversion from 'double' to 'int' requires a narrowing conversion
  (compiling source file '/Area_rectangle.cpp')
  
C:\Users\TATHYA\source\repos\CSCN71020_Group6\Area_rectangle\Area_rectangle.cpp(39,23): warning C4244: 'initializing': conversion from 'double' to 'int', possible loss of data
  (compiling source file '/Area_rectangle.cpp')
  
C:\Users\TATHYA\source\repos\CSCN71020_Group6\Area_rectangle\Area_rectangle.cpp(40,18): warning C4838: conversion from 'double' to 'int' requires a narrowing conversion
  (compiling source file '/Area_rectangle.cpp')
  
C:\Users\TATHYA\source\repos\CSCN71020_Group6\Area_rectangle\Area_rectangle.cpp(40,18): warning C4244: 'initializing': conversion from 'double' to 'int', possible loss of data
  (compiling source file '/Area_rectangle.cpp')
  
C:\Users\TATHYA\source\repos\CSCN71020_Group6\Area_rectangle\Area_rectangle.cpp(40,23): warning C4838: conversion from 'double' to 'int' requires a narrowing conversion
  (compiling source file '/Area_rectangle.cpp')
  
C:\Users\TATHYA\source\repos\CSCN71020_Group6\Area_rectangle\Area_rectangle.cpp(40,23): warning C4244: 'initializing': conversion from 'double' to 'int', possible loss of data
  (compiling source file '/Area_rectangle.cpp')
  
C:\Users\TATHYA\source\repos\CSCN71020_Group6\Area_rectangle\Area_rectangle.cpp(41,18): warning C4838: conversion from 'double' to 'int' requires a narrowing conversion
  (compiling source file '/Area_rectangle.cpp')
  
C:\Users\TATHYA\source\repos\CSCN71020_Group6\Area_rectangle\Area_rectangle.cpp(41,18): warning C4244: 'initializing': conversion from 'double' to 'int', possible loss of data
  (compiling source file '/Area_rectangle.cpp')
  
C:\Users\TATHYA\source\repos\CSCN71020_Group6\Area_rectangle\Area_rectangle.cpp(41,23): warning C4838: conversion from 'double' to 'int' requires a narrowing conversion
  (compiling source file '/Area_rectangle.cpp')
  
C:\Users\TATHYA\source\repos\CSCN71020_Group6\Area_rectangle\Area_rectangle.cpp(41,23): warning C4244: 'initializing': conversion from 'double' to 'int', possible loss of data
  (compiling source file '/Area_rectangle.cpp')
  
     Creating library C:\Users\TATHYA\Source\Repos\CSCN71020_Group6\x64\Debug\Area_rectangle.lib and object C:\Users\TATHYA\Source\Repos\CSCN71020_Group6\x64\Debug\Area_rectangle.exp
  Area_rectangle.vcxproj -> C:\Users\TATHYA\Source\Repos\CSCN71020_Group6\x64\Debug\Area_rectangle.dll
